Arguments: 
  D:\soft\dev\nodejs\node.exe D:\soft\Yarn\bin\yarn.js publish

PATH: 
  C:\Users\jiank\bin;D:\soft\Git\mingw64\bin;D:\soft\Git\usr\local\bin;D:\soft\Git\usr\bin;D:\soft\Git\usr\bin;D:\soft\Git\mingw64\bin;D:\soft\Git\usr\bin;C:\Users\jiank\bin;D:\soft\Xftp6;D:\soft\Xshell6;C:\ProgramData\Oracle\Java\javapath;C:\WINDOWS\system32;C:\WINDOWS;C:\WINDOWS\System32\Wbem;C:\WINDOWS\System32\WindowsPowerShell\v1.0;C:\WINDOWS\System32\OpenSSH;D:\soft\Java\jdk1.8.0_152\bin;D:\soft\Java\jdk1.8.0_152\jre\bin;D:\soft\dev\nvm;D:\soft\dev\nodejs;D:\soft\androidSDK\tools;D:\soft\androidSDK\platform-tools;D:\soft\kubectl;C:\Program Files\Intel\WiFi\bin;C:\Program Files\Common Files\Intel\WirelessCommon;D:\soft\VSCode\bin;C:\Program Files\Docker\Docker\resources\bin;C:\ProgramData\DockerDesktop\version-bin;D:\soft\Git\cmd;D:\soft\Yarn\bin;C:\Users\jiank\AppData\Local\Microsoft\WindowsApps;D:\soft\dev\nvm;D:\soft\dev\nodejs;C:\Users\jiank\AppData\Local\Yarn\bin;D:\soft\Git\usr\bin\vendor_perl;D:\soft\Git\usr\bin\core_perl

Yarn version: 
  1.22.5

Node version: 
  12.18.4

Platform: 
  win32 x64

Trace: 
  Error: canceled
      at Interface.<anonymous> (D:\soft\Yarn\lib\cli.js:137009:13)
      at Interface.emit (events.js:315:20)
      at Interface._ttyWrite (readline.js:868:16)
      at ReadStream.onkeypress (readline.js:205:10)
      at ReadStream.emit (events.js:315:20)
      at emitKeys (internal/readline/utils.js:335:14)
      at emitKeys.next (<anonymous>)
      at ReadStream.onData (readline.js:1137:36)
      at ReadStream.emit (events.js:315:20)
      at addChunk (_stream_readable.js:295:12)

npm manifest: 
  {
      "name": "gulp-pages",
      "version": "0.2.0",
      "description": "Awesome node modules.",
      "keywords": [
          "gulp-pages",
          "zce"
      ],
      "repository": "attraction11/gulp-pages",
      "license": "MIT",
      "author": "cjk <cjk7072@closeli.cn> (https://github.com/attraction11)",
      "main": "lib/index.js",
      "bin": "bin/gulp-pages.js",
      "files": [
          "lib",
          "bin"
      ],
      "scripts": {
          "lint": "standard --fix",
          "prepare": "npm run lint"
      },
      "renovate": {
          "extends": [
              "zce"
          ]
      },
      "dependencies": {
          "@babel/core": "^7.14.6",
          "@babel/preset-env": "^7.14.7",
          "browser-sync": "^2.27.4",
          "del": "^6.0.0",
          "gulp": "^4.0.2",
          "gulp-babel": "^8.0.0",
          "gulp-clean-css": "^4.3.0",
          "gulp-htmlmin": "^5.0.1",
          "gulp-if": "^3.0.0",
          "gulp-imagemin": "^7.1.0",
          "gulp-load-plugins": "^2.0.7",
          "gulp-sass": "^4.1.0",
          "gulp-swig": "^0.9.1",
          "gulp-uglify": "^3.0.2",
          "gulp-useref": "^5.0.0"
      },
      "devDependencies": {
          "standard": "16.0.3"
      },
      "engines": {
          "node": ">=10"
      },
      "publishConfig": {
          "registry": "https://registry.npmjs.org"
      }
  }

yarn manifest: 
  No manifest

Lockfile: 
  No lockfile
